2024-06-25 11:17:36.925  INFO 18360 --- [restartedMain] com.example.demo.DemoApplication         : Starting DemoApplication using Java 1.8.0_381 on Csk-Book with PID 18360 (D:\User\Workspace\CWSD\cwsd\target\classes started by Cskexi in D:\User\Workspace\CWSD\cwsd)
2024-06-25 11:17:36.932  INFO 18360 --- [restartedMain] com.example.demo.DemoApplication         : No active profile set, falling back to default profiles: default
2024-06-25 11:17:36.988  INFO 18360 --- [restartedMain] .e.DevToolsPropertyDefaultsPostProcessor : Devtools property defaults active! Set 'spring.devtools.add-properties' to 'false' to disable
2024-06-25 11:17:36.988  INFO 18360 --- [restartedMain] .e.DevToolsPropertyDefaultsPostProcessor : For additional web related logging consider setting the 'logging.level.web' property to 'DEBUG'
2024-06-25 11:17:38.296  WARN 18360 --- [restartedMain] o.m.s.mapper.ClassPathMapperScanner      : Skipping MapperFactoryBean with name 'bookMapper' and 'com.example.demo.chapter2.mapper.BookMapper' mapperInterface. Bean already defined with the same name!
2024-06-25 11:17:38.297  WARN 18360 --- [restartedMain] o.m.s.mapper.ClassPathMapperScanner      : No MyBatis mapper was found in '[com.example.demo.chapter2.mapper]' package. Please check your configuration.
2024-06-25 11:17:38.870  INFO 18360 --- [restartedMain] o.s.b.w.embedded.tomcat.TomcatWebServer  : Tomcat initialized with port(s): 8899 (http)
2024-06-25 11:17:38.886  INFO 18360 --- [restartedMain] o.apache.catalina.core.StandardService   : Starting service [Tomcat]
2024-06-25 11:17:38.886  INFO 18360 --- [restartedMain] org.apache.catalina.core.StandardEngine  : Starting Servlet engine: [Apache Tomcat/9.0.48]
2024-06-25 11:17:38.980  INFO 18360 --- [restartedMain] o.a.c.c.C.[.[localhost].[/spring]        : Initializing Spring embedded WebApplicationContext
2024-06-25 11:17:38.980  INFO 18360 --- [restartedMain] w.s.c.ServletWebServerApplicationContext : Root WebApplicationContext: initialization completed in 1992 ms
2024-06-25 11:17:40.421  INFO 18360 --- [restartedMain] pertySourcedRequestMappingHandlerMapping : Mapped URL path [/v2/api-docs] onto method [springfox.documentation.swagger2.web.Swagger2Controller#getDocumentation(String, HttpServletRequest)]
2024-06-25 11:17:40.555  INFO 18360 --- [restartedMain] o.s.b.d.a.OptionalLiveReloadServer       : LiveReload server is running on port 35729
2024-06-25 11:17:40.799  INFO 18360 --- [restartedMain] o.s.b.w.embedded.tomcat.TomcatWebServer  : Tomcat started on port(s): 8899 (http) with context path '/spring'
2024-06-25 11:17:40.799  INFO 18360 --- [restartedMain] d.s.w.p.DocumentationPluginsBootstrapper : Context refreshed
2024-06-25 11:17:40.814  INFO 18360 --- [restartedMain] d.s.w.p.DocumentationPluginsBootstrapper : Found 1 custom documentation plugin(s)
2024-06-25 11:17:40.842  INFO 18360 --- [restartedMain] s.d.s.w.s.ApiListingReferenceScanner     : Scanning for api listing references
2024-06-25 11:17:40.964  INFO 18360 --- [restartedMain] com.example.demo.DemoApplication         : Started DemoApplication in 4.539 seconds (JVM running for 5.969)
2024-06-25 11:17:46.883  INFO 18360 --- [http-nio-8899-exec-1] o.a.c.c.C.[.[localhost].[/spring]        : Initializing Spring DispatcherServlet 'dispatcherServlet'
2024-06-25 11:17:46.883  INFO 18360 --- [http-nio-8899-exec-1] o.s.web.servlet.DispatcherServlet        : Initializing Servlet 'dispatcherServlet'
2024-06-25 11:17:46.885  INFO 18360 --- [http-nio-8899-exec-1] o.s.web.servlet.DispatcherServlet        : Completed initialization in 0 ms
2024-06-25 11:17:47.064  INFO 18360 --- [http-nio-8899-exec-1] com.zaxxer.hikari.HikariDataSource       : HikariPool-1 - Starting...
2024-06-25 11:17:47.905  INFO 18360 --- [http-nio-8899-exec-1] com.zaxxer.hikari.HikariDataSource       : HikariPool-1 - Start completed.
2024-06-25 11:40:01.887  INFO 18360 --- [SpringApplicationShutdownHook] com.zaxxer.hikari.HikariDataSource       : HikariPool-1 - Shutdown initiated...
2024-06-25 11:40:01.901  INFO 18360 --- [SpringApplicationShutdownHook] com.zaxxer.hikari.HikariDataSource       : HikariPool-1 - Shutdown completed.
2024-06-25 11:40:08.359  INFO 7184 --- [restartedMain] com.example.demo.DemoApplication         : Starting DemoApplication using Java 1.8.0_381 on Csk-Book with PID 7184 (D:\User\Workspace\CWSD\cwsd\target\classes started by Cskexi in D:\User\Workspace\CWSD\cwsd)
2024-06-25 11:40:08.362  INFO 7184 --- [restartedMain] com.example.demo.DemoApplication         : No active profile set, falling back to default profiles: default
2024-06-25 11:40:08.420  INFO 7184 --- [restartedMain] .e.DevToolsPropertyDefaultsPostProcessor : Devtools property defaults active! Set 'spring.devtools.add-properties' to 'false' to disable
2024-06-25 11:40:08.420  INFO 7184 --- [restartedMain] .e.DevToolsPropertyDefaultsPostProcessor : For additional web related logging consider setting the 'logging.level.web' property to 'DEBUG'
2024-06-25 11:40:09.598  WARN 7184 --- [restartedMain] o.m.s.mapper.ClassPathMapperScanner      : Skipping MapperFactoryBean with name 'bookMapper' and 'com.example.demo.chapter2.mapper.BookMapper' mapperInterface. Bean already defined with the same name!
2024-06-25 11:40:09.599  WARN 7184 --- [restartedMain] o.m.s.mapper.ClassPathMapperScanner      : No MyBatis mapper was found in '[com.example.demo.chapter2.mapper]' package. Please check your configuration.
2024-06-25 11:40:10.187  INFO 7184 --- [restartedMain] o.s.b.w.embedded.tomcat.TomcatWebServer  : Tomcat initialized with port(s): 8899 (http)
2024-06-25 11:40:10.196  INFO 7184 --- [restartedMain] o.apache.catalina.core.StandardService   : Starting service [Tomcat]
2024-06-25 11:40:10.197  INFO 7184 --- [restartedMain] org.apache.catalina.core.StandardEngine  : Starting Servlet engine: [Apache Tomcat/9.0.48]
2024-06-25 11:40:10.293  INFO 7184 --- [restartedMain] o.a.c.c.C.[.[localhost].[/spring]        : Initializing Spring embedded WebApplicationContext
2024-06-25 11:40:10.293  INFO 7184 --- [restartedMain] w.s.c.ServletWebServerApplicationContext : Root WebApplicationContext: initialization completed in 1872 ms
2024-06-25 11:40:11.638  INFO 7184 --- [restartedMain] pertySourcedRequestMappingHandlerMapping : Mapped URL path [/v2/api-docs] onto method [springfox.documentation.swagger2.web.Swagger2Controller#getDocumentation(String, HttpServletRequest)]
2024-06-25 11:40:11.747  INFO 7184 --- [restartedMain] o.s.b.d.a.OptionalLiveReloadServer       : LiveReload server is running on port 35729
2024-06-25 11:40:11.980  INFO 7184 --- [restartedMain] o.s.b.w.embedded.tomcat.TomcatWebServer  : Tomcat started on port(s): 8899 (http) with context path '/spring'
2024-06-25 11:40:11.982  INFO 7184 --- [restartedMain] d.s.w.p.DocumentationPluginsBootstrapper : Context refreshed
2024-06-25 11:40:11.995  INFO 7184 --- [restartedMain] d.s.w.p.DocumentationPluginsBootstrapper : Found 1 custom documentation plugin(s)
2024-06-25 11:40:12.023  INFO 7184 --- [restartedMain] s.d.s.w.s.ApiListingReferenceScanner     : Scanning for api listing references
2024-06-25 11:40:12.139  INFO 7184 --- [restartedMain] com.example.demo.DemoApplication         : Started DemoApplication in 4.232 seconds (JVM running for 5.593)
2024-06-25 11:42:11.447  INFO 7184 --- [http-nio-8899-exec-2] o.a.c.c.C.[.[localhost].[/spring]        : Initializing Spring DispatcherServlet 'dispatcherServlet'
2024-06-25 11:42:11.448  INFO 7184 --- [http-nio-8899-exec-2] o.s.web.servlet.DispatcherServlet        : Initializing Servlet 'dispatcherServlet'
2024-06-25 11:42:11.450  INFO 7184 --- [http-nio-8899-exec-2] o.s.web.servlet.DispatcherServlet        : Completed initialization in 2 ms
2024-06-25 11:42:11.617  INFO 7184 --- [http-nio-8899-exec-2] com.zaxxer.hikari.HikariDataSource       : HikariPool-1 - Starting...
2024-06-25 11:42:12.174  INFO 7184 --- [http-nio-8899-exec-2] com.zaxxer.hikari.HikariDataSource       : HikariPool-1 - Start completed.
2024-06-25 14:17:31.587  WARN 7184 --- [HikariPool-1 housekeeper] com.zaxxer.hikari.pool.HikariPool        : HikariPool-1 - Thread starvation or clock leap detected (housekeeper delta=2h33m19s315ms463µs300ns).
2024-06-25 14:26:51.060  INFO 7184 --- [http-nio-8899-exec-10] c.e.d.c.controller.DictypeController     : this is info
2024-06-25 14:26:51.060  WARN 7184 --- [http-nio-8899-exec-10] c.e.d.c.controller.DictypeController     : this is warn
2024-06-25 14:26:51.060 ERROR 7184 --- [http-nio-8899-exec-10] c.e.d.c.controller.DictypeController     : this is error
2024-06-25 14:27:05.189  INFO 7184 --- [http-nio-8899-exec-4] c.e.d.c.controller.DictypeController     : this is info
2024-06-25 14:27:05.189  WARN 7184 --- [http-nio-8899-exec-4] c.e.d.c.controller.DictypeController     : this is warn
2024-06-25 14:27:05.189 ERROR 7184 --- [http-nio-8899-exec-4] c.e.d.c.controller.DictypeController     : this is error
2024-06-25 14:29:08.211  INFO 7184 --- [http-nio-8899-exec-6] c.e.d.c.controller.DictypeController     : this is info
2024-06-25 14:29:08.211  WARN 7184 --- [http-nio-8899-exec-6] c.e.d.c.controller.DictypeController     : this is warn
2024-06-25 14:29:08.211 ERROR 7184 --- [http-nio-8899-exec-6] c.e.d.c.controller.DictypeController     : this is error
2024-06-25 14:30:09.868  INFO 7184 --- [Thread-13] com.zaxxer.hikari.HikariDataSource       : HikariPool-1 - Shutdown initiated...
2024-06-25 14:30:09.874  INFO 7184 --- [Thread-13] com.zaxxer.hikari.HikariDataSource       : HikariPool-1 - Shutdown completed.
2024-06-25 14:30:09.987  INFO 7184 --- [restartedMain] com.example.demo.DemoApplication         : Starting DemoApplication using Java 1.8.0_381 on Csk-Book with PID 7184 (D:\User\Workspace\CWSD\cwsd\target\classes started by Cskexi in D:\User\Workspace\CWSD\cwsd)
2024-06-25 14:30:09.987  INFO 7184 --- [restartedMain] com.example.demo.DemoApplication         : No active profile set, falling back to default profiles: default
2024-06-25 14:30:10.264  WARN 7184 --- [restartedMain] o.m.s.mapper.ClassPathMapperScanner      : Skipping MapperFactoryBean with name 'bookMapper' and 'com.example.demo.chapter2.mapper.BookMapper' mapperInterface. Bean already defined with the same name!
2024-06-25 14:30:10.264  WARN 7184 --- [restartedMain] o.m.s.mapper.ClassPathMapperScanner      : No MyBatis mapper was found in '[com.example.demo.chapter2.mapper]' package. Please check your configuration.
2024-06-25 14:30:10.321  INFO 7184 --- [restartedMain] o.s.b.w.embedded.tomcat.TomcatWebServer  : Tomcat initialized with port(s): 8899 (http)
2024-06-25 14:30:10.322  INFO 7184 --- [restartedMain] o.apache.catalina.core.StandardService   : Starting service [Tomcat]
2024-06-25 14:30:10.322  INFO 7184 --- [restartedMain] org.apache.catalina.core.StandardEngine  : Starting Servlet engine: [Apache Tomcat/9.0.48]
2024-06-25 14:30:10.343  INFO 7184 --- [restartedMain] o.a.c.c.C.[.[localhost].[/spring]        : Initializing Spring embedded WebApplicationContext
2024-06-25 14:30:10.344  INFO 7184 --- [restartedMain] w.s.c.ServletWebServerApplicationContext : Root WebApplicationContext: initialization completed in 355 ms
2024-06-25 14:30:10.829  INFO 7184 --- [restartedMain] pertySourcedRequestMappingHandlerMapping : Mapped URL path [/v2/api-docs] onto method [springfox.documentation.swagger2.web.Swagger2Controller#getDocumentation(String, HttpServletRequest)]
2024-06-25 14:30:10.867  INFO 7184 --- [restartedMain] o.s.b.d.a.OptionalLiveReloadServer       : LiveReload server is running on port 35729
2024-06-25 14:30:10.930  INFO 7184 --- [restartedMain] o.s.b.w.embedded.tomcat.TomcatWebServer  : Tomcat started on port(s): 8899 (http) with context path '/spring'
2024-06-25 14:30:10.930  INFO 7184 --- [restartedMain] d.s.w.p.DocumentationPluginsBootstrapper : Context refreshed
2024-06-25 14:30:10.931  INFO 7184 --- [restartedMain] d.s.w.p.DocumentationPluginsBootstrapper : Found 1 custom documentation plugin(s)
2024-06-25 14:30:10.936  INFO 7184 --- [restartedMain] s.d.s.w.s.ApiListingReferenceScanner     : Scanning for api listing references
2024-06-25 14:30:10.962  INFO 7184 --- [restartedMain] com.example.demo.DemoApplication         : Started DemoApplication in 1.004 seconds (JVM running for 10197.284)
2024-06-25 14:30:10.964  INFO 7184 --- [restartedMain] .ConditionEvaluationDeltaLoggingListener : Condition evaluation unchanged
2024-06-25 14:30:12.677  INFO 7184 --- [restartedMain] com.example.demo.DemoApplication         : Starting DemoApplication using Java 1.8.0_381 on Csk-Book with PID 7184 (D:\User\Workspace\CWSD\cwsd\target\classes started by Cskexi in D:\User\Workspace\CWSD\cwsd)
2024-06-25 14:30:12.677  INFO 7184 --- [restartedMain] com.example.demo.DemoApplication         : No active profile set, falling back to default profiles: default
2024-06-25 14:30:12.932  WARN 7184 --- [restartedMain] o.m.s.mapper.ClassPathMapperScanner      : Skipping MapperFactoryBean with name 'bookMapper' and 'com.example.demo.chapter2.mapper.BookMapper' mapperInterface. Bean already defined with the same name!
2024-06-25 14:30:12.932  WARN 7184 --- [restartedMain] o.m.s.mapper.ClassPathMapperScanner      : No MyBatis mapper was found in '[com.example.demo.chapter2.mapper]' package. Please check your configuration.
2024-06-25 14:30:12.979  INFO 7184 --- [restartedMain] o.s.b.w.embedded.tomcat.TomcatWebServer  : Tomcat initialized with port(s): 8899 (http)
2024-06-25 14:30:12.980  INFO 7184 --- [restartedMain] o.apache.catalina.core.StandardService   : Starting service [Tomcat]
2024-06-25 14:30:12.980  INFO 7184 --- [restartedMain] org.apache.catalina.core.StandardEngine  : Starting Servlet engine: [Apache Tomcat/9.0.48]
2024-06-25 14:30:12.994  INFO 7184 --- [restartedMain] o.a.c.c.C.[.[localhost].[/spring]        : Initializing Spring embedded WebApplicationContext
2024-06-25 14:30:12.994  INFO 7184 --- [restartedMain] w.s.c.ServletWebServerApplicationContext : Root WebApplicationContext: initialization completed in 315 ms
2024-06-25 14:30:13.447  INFO 7184 --- [restartedMain] pertySourcedRequestMappingHandlerMapping : Mapped URL path [/v2/api-docs] onto method [springfox.documentation.swagger2.web.Swagger2Controller#getDocumentation(String, HttpServletRequest)]
2024-06-25 14:30:13.479  INFO 7184 --- [restartedMain] o.s.b.d.a.OptionalLiveReloadServer       : LiveReload server is running on port 35729
2024-06-25 14:30:13.560  INFO 7184 --- [restartedMain] o.s.b.w.embedded.tomcat.TomcatWebServer  : Tomcat started on port(s): 8899 (http) with context path '/spring'
2024-06-25 14:30:13.562  INFO 7184 --- [restartedMain] d.s.w.p.DocumentationPluginsBootstrapper : Context refreshed
2024-06-25 14:30:13.562  INFO 7184 --- [restartedMain] d.s.w.p.DocumentationPluginsBootstrapper : Found 1 custom documentation plugin(s)
2024-06-25 14:30:13.566  INFO 7184 --- [restartedMain] s.d.s.w.s.ApiListingReferenceScanner     : Scanning for api listing references
2024-06-25 14:30:13.581  INFO 7184 --- [restartedMain] com.example.demo.DemoApplication         : Started DemoApplication in 0.923 seconds (JVM running for 10199.903)
2024-06-25 14:30:13.583  INFO 7184 --- [restartedMain] .ConditionEvaluationDeltaLoggingListener : Condition evaluation unchanged
2024-06-25 14:30:15.479  INFO 7184 --- [restartedMain] com.example.demo.DemoApplication         : Starting DemoApplication using Java 1.8.0_381 on Csk-Book with PID 7184 (D:\User\Workspace\CWSD\cwsd\target\classes started by Cskexi in D:\User\Workspace\CWSD\cwsd)
2024-06-25 14:30:15.479  INFO 7184 --- [restartedMain] com.example.demo.DemoApplication         : No active profile set, falling back to default profiles: default
2024-06-25 14:30:15.747  WARN 7184 --- [restartedMain] o.m.s.mapper.ClassPathMapperScanner      : Skipping MapperFactoryBean with name 'bookMapper' and 'com.example.demo.chapter2.mapper.BookMapper' mapperInterface. Bean already defined with the same name!
2024-06-25 14:30:15.747  WARN 7184 --- [restartedMain] o.m.s.mapper.ClassPathMapperScanner      : No MyBatis mapper was found in '[com.example.demo.chapter2.mapper]' package. Please check your configuration.
2024-06-25 14:30:15.807  INFO 7184 --- [restartedMain] o.s.b.w.embedded.tomcat.TomcatWebServer  : Tomcat initialized with port(s): 8899 (http)
2024-06-25 14:30:15.808  INFO 7184 --- [restartedMain] o.apache.catalina.core.StandardService   : Starting service [Tomcat]
2024-06-25 14:30:15.808  INFO 7184 --- [restartedMain] org.apache.catalina.core.StandardEngine  : Starting Servlet engine: [Apache Tomcat/9.0.48]
2024-06-25 14:30:15.823  INFO 7184 --- [restartedMain] o.a.c.c.C.[.[localhost].[/spring]        : Initializing Spring embedded WebApplicationContext
2024-06-25 14:30:15.823  INFO 7184 --- [restartedMain] w.s.c.ServletWebServerApplicationContext : Root WebApplicationContext: initialization completed in 341 ms
2024-06-25 14:30:16.257  INFO 7184 --- [restartedMain] pertySourcedRequestMappingHandlerMapping : Mapped URL path [/v2/api-docs] onto method [springfox.documentation.swagger2.web.Swagger2Controller#getDocumentation(String, HttpServletRequest)]
2024-06-25 14:30:16.288  INFO 7184 --- [restartedMain] o.s.b.d.a.OptionalLiveReloadServer       : LiveReload server is running on port 35729
2024-06-25 14:30:16.339  INFO 7184 --- [restartedMain] o.s.b.w.embedded.tomcat.TomcatWebServer  : Tomcat started on port(s): 8899 (http) with context path '/spring'
2024-06-25 14:30:16.339  INFO 7184 --- [restartedMain] d.s.w.p.DocumentationPluginsBootstrapper : Context refreshed
2024-06-25 14:30:16.339  INFO 7184 --- [restartedMain] d.s.w.p.DocumentationPluginsBootstrapper : Found 1 custom documentation plugin(s)
2024-06-25 14:30:16.342  INFO 7184 --- [restartedMain] s.d.s.w.s.ApiListingReferenceScanner     : Scanning for api listing references
2024-06-25 14:30:16.354  INFO 7184 --- [restartedMain] com.example.demo.DemoApplication         : Started DemoApplication in 0.898 seconds (JVM running for 10202.676)
2024-06-25 14:30:16.356  INFO 7184 --- [restartedMain] .ConditionEvaluationDeltaLoggingListener : Condition evaluation unchanged
2024-06-25 14:30:20.861  INFO 7184 --- [http-nio-8899-exec-2] o.a.c.c.C.[.[localhost].[/spring]        : Initializing Spring DispatcherServlet 'dispatcherServlet'
2024-06-25 14:30:20.861  INFO 7184 --- [http-nio-8899-exec-2] o.s.web.servlet.DispatcherServlet        : Initializing Servlet 'dispatcherServlet'
2024-06-25 14:30:20.862  INFO 7184 --- [http-nio-8899-exec-2] o.s.web.servlet.DispatcherServlet        : Completed initialization in 1 ms
2024-06-25 14:30:20.869  INFO 7184 --- [http-nio-8899-exec-2] com.zaxxer.hikari.HikariDataSource       : HikariPool-2 - Starting...
2024-06-25 14:30:20.884  INFO 7184 --- [http-nio-8899-exec-2] com.zaxxer.hikari.HikariDataSource       : HikariPool-2 - Start completed.
2024-06-25 15:36:17.619  INFO 7184 --- [SpringApplicationShutdownHook] com.zaxxer.hikari.HikariDataSource       : HikariPool-2 - Shutdown initiated...
2024-06-25 15:36:17.624  INFO 7184 --- [SpringApplicationShutdownHook] com.zaxxer.hikari.HikariDataSource       : HikariPool-2 - Shutdown completed.
2024-06-25 15:36:21.774  INFO 980 --- [restartedMain] com.example.demo.DemoApplication         : Starting DemoApplication using Java 1.8.0_381 on Csk-Book with PID 980 (D:\User\Workspace\CWSD\cwsd\target\classes started by Cskexi in D:\User\Workspace\CWSD\cwsd)
2024-06-25 15:36:21.777  INFO 980 --- [restartedMain] com.example.demo.DemoApplication         : No active profile set, falling back to default profiles: default
2024-06-25 15:36:21.812  INFO 980 --- [restartedMain] .e.DevToolsPropertyDefaultsPostProcessor : Devtools property defaults active! Set 'spring.devtools.add-properties' to 'false' to disable
2024-06-25 15:36:21.813  INFO 980 --- [restartedMain] .e.DevToolsPropertyDefaultsPostProcessor : For additional web related logging consider setting the 'logging.level.web' property to 'DEBUG'
2024-06-25 15:36:22.664  WARN 980 --- [restartedMain] o.m.s.mapper.ClassPathMapperScanner      : Skipping MapperFactoryBean with name 'bookMapper' and 'com.example.demo.chapter2.mapper.BookMapper' mapperInterface. Bean already defined with the same name!
2024-06-25 15:36:22.664  WARN 980 --- [restartedMain] o.m.s.mapper.ClassPathMapperScanner      : No MyBatis mapper was found in '[com.example.demo.chapter2.mapper]' package. Please check your configuration.
2024-06-25 15:36:23.271  INFO 980 --- [restartedMain] o.s.b.w.embedded.tomcat.TomcatWebServer  : Tomcat initialized with port(s): 8899 (http)
2024-06-25 15:36:23.281  INFO 980 --- [restartedMain] o.apache.catalina.core.StandardService   : Starting service [Tomcat]
2024-06-25 15:36:23.281  INFO 980 --- [restartedMain] org.apache.catalina.core.StandardEngine  : Starting Servlet engine: [Apache Tomcat/9.0.48]
2024-06-25 15:36:23.383  INFO 980 --- [restartedMain] o.a.c.c.C.[.[localhost].[/spring]        : Initializing Spring embedded WebApplicationContext
2024-06-25 15:36:23.383  INFO 980 --- [restartedMain] w.s.c.ServletWebServerApplicationContext : Root WebApplicationContext: initialization completed in 1570 ms
2024-06-25 15:36:24.568  INFO 980 --- [restartedMain] pertySourcedRequestMappingHandlerMapping : Mapped URL path [/v2/api-docs] onto method [springfox.documentation.swagger2.web.Swagger2Controller#getDocumentation(String, HttpServletRequest)]
2024-06-25 15:36:24.665  INFO 980 --- [restartedMain] o.s.b.d.a.OptionalLiveReloadServer       : LiveReload server is running on port 35729
2024-06-25 15:36:24.874  INFO 980 --- [restartedMain] o.s.b.w.embedded.tomcat.TomcatWebServer  : Tomcat started on port(s): 8899 (http) with context path '/spring'
2024-06-25 15:36:24.876  INFO 980 --- [restartedMain] d.s.w.p.DocumentationPluginsBootstrapper : Context refreshed
2024-06-25 15:36:24.887  INFO 980 --- [restartedMain] d.s.w.p.DocumentationPluginsBootstrapper : Found 1 custom documentation plugin(s)
2024-06-25 15:36:24.908  INFO 980 --- [restartedMain] s.d.s.w.s.ApiListingReferenceScanner     : Scanning for api listing references
2024-06-25 15:36:25.013  INFO 980 --- [restartedMain] com.example.demo.DemoApplication         : Started DemoApplication in 3.592 seconds (JVM running for 4.565)
2024-06-25 15:36:55.988  INFO 980 --- [http-nio-8899-exec-1] o.a.c.c.C.[.[localhost].[/spring]        : Initializing Spring DispatcherServlet 'dispatcherServlet'
2024-06-25 15:36:55.988  INFO 980 --- [http-nio-8899-exec-1] o.s.web.servlet.DispatcherServlet        : Initializing Servlet 'dispatcherServlet'
2024-06-25 15:36:55.990  INFO 980 --- [http-nio-8899-exec-1] o.s.web.servlet.DispatcherServlet        : Completed initialization in 2 ms
2024-06-25 15:36:56.110  INFO 980 --- [http-nio-8899-exec-1] com.zaxxer.hikari.HikariDataSource       : HikariPool-1 - Starting...
2024-06-25 15:36:56.468  INFO 980 --- [http-nio-8899-exec-1] com.zaxxer.hikari.HikariDataSource       : HikariPool-1 - Start completed.
2024-06-25 16:22:43.702  INFO 980 --- [SpringApplicationShutdownHook] com.zaxxer.hikari.HikariDataSource       : HikariPool-1 - Shutdown initiated...
2024-06-25 16:22:43.708  INFO 980 --- [SpringApplicationShutdownHook] com.zaxxer.hikari.HikariDataSource       : HikariPool-1 - Shutdown completed.
2024-06-25 16:56:45.737  INFO 5008 --- [restartedMain] com.example.demo.DemoApplication         : Starting DemoApplication using Java 1.8.0_391 on Z with PID 5008 (D:\WorkSpace\CWSD\cwsd\target\classes started by niuzhige in D:\WorkSpace\CWSD\cwsd)
2024-06-25 16:56:45.739  INFO 5008 --- [restartedMain] com.example.demo.DemoApplication         : No active profile set, falling back to default profiles: default
2024-06-25 16:56:45.775  INFO 5008 --- [restartedMain] .e.DevToolsPropertyDefaultsPostProcessor : Devtools property defaults active! Set 'spring.devtools.add-properties' to 'false' to disable
2024-06-25 16:56:45.775  INFO 5008 --- [restartedMain] .e.DevToolsPropertyDefaultsPostProcessor : For additional web related logging consider setting the 'logging.level.web' property to 'DEBUG'
2024-06-25 16:56:46.447  WARN 5008 --- [restartedMain] o.m.s.mapper.ClassPathMapperScanner      : Skipping MapperFactoryBean with name 'bookMapper' and 'com.example.demo.chapter2.mapper.BookMapper' mapperInterface. Bean already defined with the same name!
2024-06-25 16:56:46.447  WARN 5008 --- [restartedMain] o.m.s.mapper.ClassPathMapperScanner      : No MyBatis mapper was found in '[com.example.demo.chapter2.mapper]' package. Please check your configuration.
2024-06-25 16:56:46.820  INFO 5008 --- [restartedMain] o.s.b.w.embedded.tomcat.TomcatWebServer  : Tomcat initialized with port(s): 8899 (http)
2024-06-25 16:56:46.826  INFO 5008 --- [restartedMain] o.apache.catalina.core.StandardService   : Starting service [Tomcat]
2024-06-25 16:56:46.826  INFO 5008 --- [restartedMain] org.apache.catalina.core.StandardEngine  : Starting Servlet engine: [Apache Tomcat/9.0.48]
2024-06-25 16:56:46.883  INFO 5008 --- [restartedMain] o.a.c.c.C.[.[localhost].[/spring]        : Initializing Spring embedded WebApplicationContext
2024-06-25 16:56:46.883  INFO 5008 --- [restartedMain] w.s.c.ServletWebServerApplicationContext : Root WebApplicationContext: initialization completed in 1107 ms
2024-06-25 16:56:48.116  INFO 5008 --- [restartedMain] pertySourcedRequestMappingHandlerMapping : Mapped URL path [/v2/api-docs] onto method [springfox.documentation.swagger2.web.Swagger2Controller#getDocumentation(String, HttpServletRequest)]
2024-06-25 16:56:48.200  INFO 5008 --- [restartedMain] o.s.b.d.a.OptionalLiveReloadServer       : LiveReload server is running on port 35729
2024-06-25 16:56:48.389  INFO 5008 --- [restartedMain] o.s.b.w.embedded.tomcat.TomcatWebServer  : Tomcat started on port(s): 8899 (http) with context path '/spring'
2024-06-25 16:56:48.389  INFO 5008 --- [restartedMain] d.s.w.p.DocumentationPluginsBootstrapper : Context refreshed
2024-06-25 16:56:48.399  INFO 5008 --- [restartedMain] d.s.w.p.DocumentationPluginsBootstrapper : Found 1 custom documentation plugin(s)
2024-06-25 16:56:48.417  INFO 5008 --- [restartedMain] s.d.s.w.s.ApiListingReferenceScanner     : Scanning for api listing references
2024-06-25 16:56:48.499  INFO 5008 --- [restartedMain] com.example.demo.DemoApplication         : Started DemoApplication in 3.07 seconds (JVM running for 3.936)
2024-06-25 16:57:55.636  INFO 5008 --- [restartedMain] com.example.demo.DemoApplication         : Starting DemoApplication using Java 1.8.0_391 on Z with PID 5008 (D:\WorkSpace\CWSD\cwsd\target\classes started by niuzhige in D:\WorkSpace\CWSD\cwsd)
2024-06-25 16:57:55.637  INFO 5008 --- [restartedMain] com.example.demo.DemoApplication         : No active profile set, falling back to default profiles: default
2024-06-25 16:57:55.941  WARN 5008 --- [restartedMain] o.m.s.mapper.ClassPathMapperScanner      : Skipping MapperFactoryBean with name 'bookMapper' and 'com.example.demo.chapter2.mapper.BookMapper' mapperInterface. Bean already defined with the same name!
2024-06-25 16:57:55.941  WARN 5008 --- [restartedMain] o.m.s.mapper.ClassPathMapperScanner      : No MyBatis mapper was found in '[com.example.demo.chapter2.mapper]' package. Please check your configuration.
2024-06-25 16:57:56.012  INFO 5008 --- [restartedMain] o.s.b.w.embedded.tomcat.TomcatWebServer  : Tomcat initialized with port(s): 8899 (http)
2024-06-25 16:57:56.013  INFO 5008 --- [restartedMain] o.apache.catalina.core.StandardService   : Starting service [Tomcat]
2024-06-25 16:57:56.013  INFO 5008 --- [restartedMain] org.apache.catalina.core.StandardEngine  : Starting Servlet engine: [Apache Tomcat/9.0.48]
2024-06-25 16:57:56.035  INFO 5008 --- [restartedMain] o.a.c.c.C.[.[localhost].[/spring]        : Initializing Spring embedded WebApplicationContext
2024-06-25 16:57:56.035  INFO 5008 --- [restartedMain] w.s.c.ServletWebServerApplicationContext : Root WebApplicationContext: initialization completed in 397 ms
2024-06-25 16:57:56.857  INFO 5008 --- [restartedMain] pertySourcedRequestMappingHandlerMapping : Mapped URL path [/v2/api-docs] onto method [springfox.documentation.swagger2.web.Swagger2Controller#getDocumentation(String, HttpServletRequest)]
2024-06-25 16:57:56.912  INFO 5008 --- [restartedMain] o.s.b.d.a.OptionalLiveReloadServer       : LiveReload server is running on port 35729
2024-06-25 16:57:57.010  INFO 5008 --- [restartedMain] o.s.b.w.embedded.tomcat.TomcatWebServer  : Tomcat started on port(s): 8899 (http) with context path '/spring'
2024-06-25 16:57:57.010  INFO 5008 --- [restartedMain] d.s.w.p.DocumentationPluginsBootstrapper : Context refreshed
2024-06-25 16:57:57.011  INFO 5008 --- [restartedMain] d.s.w.p.DocumentationPluginsBootstrapper : Found 1 custom documentation plugin(s)
2024-06-25 16:57:57.015  INFO 5008 --- [restartedMain] s.d.s.w.s.ApiListingReferenceScanner     : Scanning for api listing references
2024-06-25 16:57:57.037  INFO 5008 --- [restartedMain] com.example.demo.DemoApplication         : Started DemoApplication in 1.421 seconds (JVM running for 72.473)
2024-06-25 16:57:57.039  INFO 5008 --- [restartedMain] .ConditionEvaluationDeltaLoggingListener : Condition evaluation unchanged
2024-06-25 16:57:58.857  INFO 5008 --- [restartedMain] com.example.demo.DemoApplication         : Starting DemoApplication using Java 1.8.0_391 on Z with PID 5008 (D:\WorkSpace\CWSD\cwsd\target\classes started by niuzhige in D:\WorkSpace\CWSD\cwsd)
2024-06-25 16:57:58.857  INFO 5008 --- [restartedMain] com.example.demo.DemoApplication         : No active profile set, falling back to default profiles: default
2024-06-25 16:57:59.044  WARN 5008 --- [restartedMain] o.m.s.mapper.ClassPathMapperScanner      : Skipping MapperFactoryBean with name 'bookMapper' and 'com.example.demo.chapter2.mapper.BookMapper' mapperInterface. Bean already defined with the same name!
2024-06-25 16:57:59.044  WARN 5008 --- [restartedMain] o.m.s.mapper.ClassPathMapperScanner      : No MyBatis mapper was found in '[com.example.demo.chapter2.mapper]' package. Please check your configuration.
2024-06-25 16:57:59.091  INFO 5008 --- [restartedMain] o.s.b.w.embedded.tomcat.TomcatWebServer  : Tomcat initialized with port(s): 8899 (http)
2024-06-25 16:57:59.091  INFO 5008 --- [restartedMain] o.apache.catalina.core.StandardService   : Starting service [Tomcat]
2024-06-25 16:57:59.092  INFO 5008 --- [restartedMain] org.apache.catalina.core.StandardEngine  : Starting Servlet engine: [Apache Tomcat/9.0.48]
2024-06-25 16:57:59.102  INFO 5008 --- [restartedMain] o.a.c.c.C.[.[localhost].[/spring]        : Initializing Spring embedded WebApplicationContext
2024-06-25 16:57:59.102  INFO 5008 --- [restartedMain] w.s.c.ServletWebServerApplicationContext : Root WebApplicationContext: initialization completed in 244 ms
2024-06-25 16:57:59.613  INFO 5008 --- [restartedMain] pertySourcedRequestMappingHandlerMapping : Mapped URL path [/v2/api-docs] onto method [springfox.documentation.swagger2.web.Swagger2Controller#getDocumentation(String, HttpServletRequest)]
2024-06-25 16:57:59.643  INFO 5008 --- [restartedMain] o.s.b.d.a.OptionalLiveReloadServer       : LiveReload server is running on port 35729
2024-06-25 16:57:59.692  INFO 5008 --- [restartedMain] o.s.b.w.embedded.tomcat.TomcatWebServer  : Tomcat started on port(s): 8899 (http) with context path '/spring'
2024-06-25 16:57:59.693  INFO 5008 --- [restartedMain] d.s.w.p.DocumentationPluginsBootstrapper : Context refreshed
2024-06-25 16:57:59.693  INFO 5008 --- [restartedMain] d.s.w.p.DocumentationPluginsBootstrapper : Found 1 custom documentation plugin(s)
2024-06-25 16:57:59.697  INFO 5008 --- [restartedMain] s.d.s.w.s.ApiListingReferenceScanner     : Scanning for api listing references
2024-06-25 16:57:59.709  INFO 5008 --- [restartedMain] com.example.demo.DemoApplication         : Started DemoApplication in 0.868 seconds (JVM running for 75.145)
2024-06-25 16:57:59.711  INFO 5008 --- [restartedMain] .ConditionEvaluationDeltaLoggingListener : Condition evaluation unchanged
2024-06-25 16:58:35.048  INFO 5008 --- [restartedMain] com.example.demo.DemoApplication         : Starting DemoApplication using Java 1.8.0_391 on Z with PID 5008 (D:\WorkSpace\CWSD\cwsd\target\classes started by niuzhige in D:\WorkSpace\CWSD\cwsd)
2024-06-25 16:58:35.048  INFO 5008 --- [restartedMain] com.example.demo.DemoApplication         : No active profile set, falling back to default profiles: default
2024-06-25 16:58:35.300  WARN 5008 --- [restartedMain] o.m.s.mapper.ClassPathMapperScanner      : Skipping MapperFactoryBean with name 'bookMapper' and 'com.example.demo.chapter2.mapper.BookMapper' mapperInterface. Bean already defined with the same name!
2024-06-25 16:58:35.300  WARN 5008 --- [restartedMain] o.m.s.mapper.ClassPathMapperScanner      : No MyBatis mapper was found in '[com.example.demo.chapter2.mapper]' package. Please check your configuration.
2024-06-25 16:58:35.366  INFO 5008 --- [restartedMain] o.s.b.w.embedded.tomcat.TomcatWebServer  : Tomcat initialized with port(s): 8899 (http)
2024-06-25 16:58:35.367  INFO 5008 --- [restartedMain] o.apache.catalina.core.StandardService   : Starting service [Tomcat]
2024-06-25 16:58:35.367  INFO 5008 --- [restartedMain] org.apache.catalina.core.StandardEngine  : Starting Servlet engine: [Apache Tomcat/9.0.48]
2024-06-25 16:58:35.380  INFO 5008 --- [restartedMain] o.a.c.c.C.[.[localhost].[/spring]        : Initializing Spring embedded WebApplicationContext
2024-06-25 16:58:35.380  INFO 5008 --- [restartedMain] w.s.c.ServletWebServerApplicationContext : Root WebApplicationContext: initialization completed in 329 ms
2024-06-25 16:58:36.127  INFO 5008 --- [restartedMain] pertySourcedRequestMappingHandlerMapping : Mapped URL path [/v2/api-docs] onto method [springfox.documentation.swagger2.web.Swagger2Controller#getDocumentation(String, HttpServletRequest)]
2024-06-25 16:58:36.174  INFO 5008 --- [restartedMain] o.s.b.d.a.OptionalLiveReloadServer       : LiveReload server is running on port 35729
2024-06-25 16:58:36.277  INFO 5008 --- [restartedMain] o.s.b.w.embedded.tomcat.TomcatWebServer  : Tomcat started on port(s): 8899 (http) with context path '/spring'
2024-06-25 16:58:36.278  INFO 5008 --- [restartedMain] d.s.w.p.DocumentationPluginsBootstrapper : Context refreshed
2024-06-25 16:58:36.279  INFO 5008 --- [restartedMain] d.s.w.p.DocumentationPluginsBootstrapper : Found 1 custom documentation plugin(s)
2024-06-25 16:58:36.284  INFO 5008 --- [restartedMain] s.d.s.w.s.ApiListingReferenceScanner     : Scanning for api listing references
2024-06-25 16:58:36.306  INFO 5008 --- [restartedMain] com.example.demo.DemoApplication         : Started DemoApplication in 1.277 seconds (JVM running for 111.741)
2024-06-25 16:58:36.307  INFO 5008 --- [restartedMain] .ConditionEvaluationDeltaLoggingListener : Condition evaluation unchanged
2024-06-25 16:58:38.217  INFO 5008 --- [restartedMain] com.example.demo.DemoApplication         : Starting DemoApplication using Java 1.8.0_391 on Z with PID 5008 (D:\WorkSpace\CWSD\cwsd\target\classes started by niuzhige in D:\WorkSpace\CWSD\cwsd)
2024-06-25 16:58:38.218  INFO 5008 --- [restartedMain] com.example.demo.DemoApplication         : No active profile set, falling back to default profiles: default
2024-06-25 16:58:38.408  WARN 5008 --- [restartedMain] o.m.s.mapper.ClassPathMapperScanner      : Skipping MapperFactoryBean with name 'bookMapper' and 'com.example.demo.chapter2.mapper.BookMapper' mapperInterface. Bean already defined with the same name!
2024-06-25 16:58:38.408  WARN 5008 --- [restartedMain] o.m.s.mapper.ClassPathMapperScanner      : No MyBatis mapper was found in '[com.example.demo.chapter2.mapper]' package. Please check your configuration.
2024-06-25 16:58:38.450  INFO 5008 --- [restartedMain] o.s.b.w.embedded.tomcat.TomcatWebServer  : Tomcat initialized with port(s): 8899 (http)
2024-06-25 16:58:38.451  INFO 5008 --- [restartedMain] o.apache.catalina.core.StandardService   : Starting service [Tomcat]
2024-06-25 16:58:38.451  INFO 5008 --- [restartedMain] org.apache.catalina.core.StandardEngine  : Starting Servlet engine: [Apache Tomcat/9.0.48]
2024-06-25 16:58:38.461  INFO 5008 --- [restartedMain] o.a.c.c.C.[.[localhost].[/spring]        : Initializing Spring embedded WebApplicationContext
2024-06-25 16:58:38.462  INFO 5008 --- [restartedMain] w.s.c.ServletWebServerApplicationContext : Root WebApplicationContext: initialization completed in 243 ms
2024-06-25 16:58:38.980  INFO 5008 --- [restartedMain] pertySourcedRequestMappingHandlerMapping : Mapped URL path [/v2/api-docs] onto method [springfox.documentation.swagger2.web.Swagger2Controller#getDocumentation(String, HttpServletRequest)]
2024-06-25 16:58:39.006  INFO 5008 --- [restartedMain] o.s.b.d.a.OptionalLiveReloadServer       : LiveReload server is running on port 35729
2024-06-25 16:58:39.058  INFO 5008 --- [restartedMain] o.s.b.w.embedded.tomcat.TomcatWebServer  : Tomcat started on port(s): 8899 (http) with context path '/spring'
2024-06-25 16:58:39.059  INFO 5008 --- [restartedMain] d.s.w.p.DocumentationPluginsBootstrapper : Context refreshed
2024-06-25 16:58:39.059  INFO 5008 --- [restartedMain] d.s.w.p.DocumentationPluginsBootstrapper : Found 1 custom documentation plugin(s)
2024-06-25 16:58:39.062  INFO 5008 --- [restartedMain] s.d.s.w.s.ApiListingReferenceScanner     : Scanning for api listing references
2024-06-25 16:58:39.075  INFO 5008 --- [restartedMain] com.example.demo.DemoApplication         : Started DemoApplication in 0.872 seconds (JVM running for 114.511)
2024-06-25 16:58:39.076  INFO 5008 --- [restartedMain] .ConditionEvaluationDeltaLoggingListener : Condition evaluation unchanged
2024-06-25 16:58:49.605  INFO 5008 --- [restartedMain] com.example.demo.DemoApplication         : Starting DemoApplication using Java 1.8.0_391 on Z with PID 5008 (D:\WorkSpace\CWSD\cwsd\target\classes started by niuzhige in D:\WorkSpace\CWSD\cwsd)
2024-06-25 16:58:49.606  INFO 5008 --- [restartedMain] com.example.demo.DemoApplication         : No active profile set, falling back to default profiles: default
2024-06-25 16:58:49.905  WARN 5008 --- [restartedMain] o.m.s.mapper.ClassPathMapperScanner      : Skipping MapperFactoryBean with name 'bookMapper' and 'com.example.demo.chapter2.mapper.BookMapper' mapperInterface. Bean already defined with the same name!
2024-06-25 16:58:49.905  WARN 5008 --- [restartedMain] o.m.s.mapper.ClassPathMapperScanner      : No MyBatis mapper was found in '[com.example.demo.chapter2.mapper]' package. Please check your configuration.
2024-06-25 16:58:49.968  INFO 5008 --- [restartedMain] o.s.b.w.embedded.tomcat.TomcatWebServer  : Tomcat initialized with port(s): 8899 (http)
2024-06-25 16:58:49.968  INFO 5008 --- [restartedMain] o.apache.catalina.core.StandardService   : Starting service [Tomcat]
2024-06-25 16:58:49.968  INFO 5008 --- [restartedMain] org.apache.catalina.core.StandardEngine  : Starting Servlet engine: [Apache Tomcat/9.0.48]
2024-06-25 16:58:49.981  INFO 5008 --- [restartedMain] o.a.c.c.C.[.[localhost].[/spring]        : Initializing Spring embedded WebApplicationContext
2024-06-25 16:58:49.981  INFO 5008 --- [restartedMain] w.s.c.ServletWebServerApplicationContext : Root WebApplicationContext: initialization completed in 373 ms
2024-06-25 16:58:50.773  INFO 5008 --- [restartedMain] pertySourcedRequestMappingHandlerMapping : Mapped URL path [/v2/api-docs] onto method [springfox.documentation.swagger2.web.Swagger2Controller#getDocumentation(String, HttpServletRequest)]
2024-06-25 16:58:50.815  INFO 5008 --- [restartedMain] o.s.b.d.a.OptionalLiveReloadServer       : LiveReload server is running on port 35729
2024-06-25 16:58:50.906  INFO 5008 --- [restartedMain] o.s.b.w.embedded.tomcat.TomcatWebServer  : Tomcat started on port(s): 8899 (http) with context path '/spring'
2024-06-25 16:58:50.906  INFO 5008 --- [restartedMain] d.s.w.p.DocumentationPluginsBootstrapper : Context refreshed
2024-06-25 16:58:50.907  INFO 5008 --- [restartedMain] d.s.w.p.DocumentationPluginsBootstrapper : Found 1 custom documentation plugin(s)
2024-06-25 16:58:50.910  INFO 5008 --- [restartedMain] s.d.s.w.s.ApiListingReferenceScanner     : Scanning for api listing references
2024-06-25 16:58:50.933  INFO 5008 --- [restartedMain] com.example.demo.DemoApplication         : Started DemoApplication in 1.35 seconds (JVM running for 126.369)
2024-06-25 16:58:50.936  INFO 5008 --- [restartedMain] .ConditionEvaluationDeltaLoggingListener : Condition evaluation unchanged
2024-06-25 16:58:52.807  INFO 5008 --- [restartedMain] com.example.demo.DemoApplication         : Starting DemoApplication using Java 1.8.0_391 on Z with PID 5008 (D:\WorkSpace\CWSD\cwsd\target\classes started by niuzhige in D:\WorkSpace\CWSD\cwsd)
2024-06-25 16:58:52.808  INFO 5008 --- [restartedMain] com.example.demo.DemoApplication         : No active profile set, falling back to default profiles: default
2024-06-25 16:58:53.006  WARN 5008 --- [restartedMain] o.m.s.mapper.ClassPathMapperScanner      : Skipping MapperFactoryBean with name 'bookMapper' and 'com.example.demo.chapter2.mapper.BookMapper' mapperInterface. Bean already defined with the same name!
2024-06-25 16:58:53.006  WARN 5008 --- [restartedMain] o.m.s.mapper.ClassPathMapperScanner      : No MyBatis mapper was found in '[com.example.demo.chapter2.mapper]' package. Please check your configuration.
2024-06-25 16:58:53.059  INFO 5008 --- [restartedMain] o.s.b.w.embedded.tomcat.TomcatWebServer  : Tomcat initialized with port(s): 8899 (http)
2024-06-25 16:58:53.060  INFO 5008 --- [restartedMain] o.apache.catalina.core.StandardService   : Starting service [Tomcat]
2024-06-25 16:58:53.060  INFO 5008 --- [restartedMain] org.apache.catalina.core.StandardEngine  : Starting Servlet engine: [Apache Tomcat/9.0.48]
2024-06-25 16:58:53.070  INFO 5008 --- [restartedMain] o.a.c.c.C.[.[localhost].[/spring]        : Initializing Spring embedded WebApplicationContext
2024-06-25 16:58:53.070  INFO 5008 --- [restartedMain] w.s.c.ServletWebServerApplicationContext : Root WebApplicationContext: initialization completed in 261 ms
2024-06-25 16:58:53.714  INFO 5008 --- [restartedMain] pertySourcedRequestMappingHandlerMapping : Mapped URL path [/v2/api-docs] onto method [springfox.documentation.swagger2.web.Swagger2Controller#getDocumentation(String, HttpServletRequest)]
2024-06-25 16:58:53.749  INFO 5008 --- [restartedMain] o.s.b.d.a.OptionalLiveReloadServer       : LiveReload server is running on port 35729
2024-06-25 16:58:53.802  INFO 5008 --- [restartedMain] o.s.b.w.embedded.tomcat.TomcatWebServer  : Tomcat started on port(s): 8899 (http) with context path '/spring'
2024-06-25 16:58:53.803  INFO 5008 --- [restartedMain] d.s.w.p.DocumentationPluginsBootstrapper : Context refreshed
2024-06-25 16:58:53.803  INFO 5008 --- [restartedMain] d.s.w.p.DocumentationPluginsBootstrapper : Found 1 custom documentation plugin(s)
2024-06-25 16:58:53.806  INFO 5008 --- [restartedMain] s.d.s.w.s.ApiListingReferenceScanner     : Scanning for api listing references
2024-06-25 16:58:53.820  INFO 5008 --- [restartedMain] com.example.demo.DemoApplication         : Started DemoApplication in 1.027 seconds (JVM running for 129.256)
2024-06-25 16:58:53.821  INFO 5008 --- [restartedMain] .ConditionEvaluationDeltaLoggingListener : Condition evaluation unchanged
2024-06-25 16:59:03.967  INFO 5008 --- [restartedMain] com.example.demo.DemoApplication         : Starting DemoApplication using Java 1.8.0_391 on Z with PID 5008 (D:\WorkSpace\CWSD\cwsd\target\classes started by niuzhige in D:\WorkSpace\CWSD\cwsd)
2024-06-25 16:59:03.968  INFO 5008 --- [restartedMain] com.example.demo.DemoApplication         : No active profile set, falling back to default profiles: default
2024-06-25 16:59:04.244  WARN 5008 --- [restartedMain] o.m.s.mapper.ClassPathMapperScanner      : Skipping MapperFactoryBean with name 'bookMapper' and 'com.example.demo.chapter2.mapper.BookMapper' mapperInterface. Bean already defined with the same name!
2024-06-25 16:59:04.244  WARN 5008 --- [restartedMain] o.m.s.mapper.ClassPathMapperScanner      : No MyBatis mapper was found in '[com.example.demo.chapter2.mapper]' package. Please check your configuration.
2024-06-25 16:59:04.311  INFO 5008 --- [restartedMain] o.s.b.w.embedded.tomcat.TomcatWebServer  : Tomcat initialized with port(s): 8899 (http)
2024-06-25 16:59:04.311  INFO 5008 --- [restartedMain] o.apache.catalina.core.StandardService   : Starting service [Tomcat]
2024-06-25 16:59:04.311  INFO 5008 --- [restartedMain] org.apache.catalina.core.StandardEngine  : Starting Servlet engine: [Apache Tomcat/9.0.48]
2024-06-25 16:59:04.324  INFO 5008 --- [restartedMain] o.a.c.c.C.[.[localhost].[/spring]        : Initializing Spring embedded WebApplicationContext
2024-06-25 16:59:04.324  INFO 5008 --- [restartedMain] w.s.c.ServletWebServerApplicationContext : Root WebApplicationContext: initialization completed in 354 ms
2024-06-25 16:59:05.170  INFO 5008 --- [restartedMain] pertySourcedRequestMappingHandlerMapping : Mapped URL path [/v2/api-docs] onto method [springfox.documentation.swagger2.web.Swagger2Controller#getDocumentation(String, HttpServletRequest)]
2024-06-25 16:59:05.222  INFO 5008 --- [restartedMain] o.s.b.d.a.OptionalLiveReloadServer       : LiveReload server is running on port 35729
2024-06-25 16:59:05.297  INFO 5008 --- [restartedMain] o.s.b.w.embedded.tomcat.TomcatWebServer  : Tomcat started on port(s): 8899 (http) with context path '/spring'
2024-06-25 16:59:05.297  INFO 5008 --- [restartedMain] d.s.w.p.DocumentationPluginsBootstrapper : Context refreshed
2024-06-25 16:59:05.298  INFO 5008 --- [restartedMain] d.s.w.p.DocumentationPluginsBootstrapper : Found 1 custom documentation plugin(s)
2024-06-25 16:59:05.301  INFO 5008 --- [restartedMain] s.d.s.w.s.ApiListingReferenceScanner     : Scanning for api listing references
2024-06-25 16:59:05.316  INFO 5008 --- [restartedMain] com.example.demo.DemoApplication         : Started DemoApplication in 1.37 seconds (JVM running for 140.752)
2024-06-25 16:59:05.317  INFO 5008 --- [restartedMain] .ConditionEvaluationDeltaLoggingListener : Condition evaluation unchanged
2024-06-25 16:59:07.177  INFO 5008 --- [restartedMain] com.example.demo.DemoApplication         : Starting DemoApplication using Java 1.8.0_391 on Z with PID 5008 (D:\WorkSpace\CWSD\cwsd\target\classes started by niuzhige in D:\WorkSpace\CWSD\cwsd)
2024-06-25 16:59:07.177  INFO 5008 --- [restartedMain] com.example.demo.DemoApplication         : No active profile set, falling back to default profiles: default
2024-06-25 16:59:07.358  WARN 5008 --- [restartedMain] o.m.s.mapper.ClassPathMapperScanner      : Skipping MapperFactoryBean with name 'bookMapper' and 'com.example.demo.chapter2.mapper.BookMapper' mapperInterface. Bean already defined with the same name!
2024-06-25 16:59:07.358  WARN 5008 --- [restartedMain] o.m.s.mapper.ClassPathMapperScanner      : No MyBatis mapper was found in '[com.example.demo.chapter2.mapper]' package. Please check your configuration.
2024-06-25 16:59:07.399  INFO 5008 --- [restartedMain] o.s.b.w.embedded.tomcat.TomcatWebServer  : Tomcat initialized with port(s): 8899 (http)
2024-06-25 16:59:07.400  INFO 5008 --- [restartedMain] o.apache.catalina.core.StandardService   : Starting service [Tomcat]
2024-06-25 16:59:07.400  INFO 5008 --- [restartedMain] org.apache.catalina.core.StandardEngine  : Starting Servlet engine: [Apache Tomcat/9.0.48]
2024-06-25 16:59:07.410  INFO 5008 --- [restartedMain] o.a.c.c.C.[.[localhost].[/spring]        : Initializing Spring embedded WebApplicationContext
2024-06-25 16:59:07.411  INFO 5008 --- [restartedMain] w.s.c.ServletWebServerApplicationContext : Root WebApplicationContext: initialization completed in 232 ms
2024-06-25 16:59:08.007  INFO 5008 --- [restartedMain] pertySourcedRequestMappingHandlerMapping : Mapped URL path [/v2/api-docs] onto method [springfox.documentation.swagger2.web.Swagger2Controller#getDocumentation(String, HttpServletRequest)]
2024-06-25 16:59:08.047  INFO 5008 --- [restartedMain] o.s.b.d.a.OptionalLiveReloadServer       : LiveReload server is running on port 35729
2024-06-25 16:59:08.112  INFO 5008 --- [restartedMain] o.s.b.w.embedded.tomcat.TomcatWebServer  : Tomcat started on port(s): 8899 (http) with context path '/spring'
2024-06-25 16:59:08.113  INFO 5008 --- [restartedMain] d.s.w.p.DocumentationPluginsBootstrapper : Context refreshed
2024-06-25 16:59:08.113  INFO 5008 --- [restartedMain] d.s.w.p.DocumentationPluginsBootstrapper : Found 1 custom documentation plugin(s)
2024-06-25 16:59:08.116  INFO 5008 --- [restartedMain] s.d.s.w.s.ApiListingReferenceScanner     : Scanning for api listing references
2024-06-25 16:59:08.128  INFO 5008 --- [restartedMain] com.example.demo.DemoApplication         : Started DemoApplication in 0.963 seconds (JVM running for 143.564)
2024-06-25 16:59:08.129  INFO 5008 --- [restartedMain] .ConditionEvaluationDeltaLoggingListener : Condition evaluation unchanged
2024-06-25 16:59:28.123  INFO 5008 --- [restartedMain] com.example.demo.DemoApplication         : Starting DemoApplication using Java 1.8.0_391 on Z with PID 5008 (D:\WorkSpace\CWSD\cwsd\target\classes started by niuzhige in D:\WorkSpace\CWSD\cwsd)
2024-06-25 16:59:28.123  INFO 5008 --- [restartedMain] com.example.demo.DemoApplication         : No active profile set, falling back to default profiles: default
2024-06-25 16:59:28.396  WARN 5008 --- [restartedMain] o.m.s.mapper.ClassPathMapperScanner      : Skipping MapperFactoryBean with name 'bookMapper' and 'com.example.demo.chapter2.mapper.BookMapper' mapperInterface. Bean already defined with the same name!
2024-06-25 16:59:28.396  WARN 5008 --- [restartedMain] o.m.s.mapper.ClassPathMapperScanner      : No MyBatis mapper was found in '[com.example.demo.chapter2.mapper]' package. Please check your configuration.
2024-06-25 16:59:28.452  INFO 5008 --- [restartedMain] o.s.b.w.embedded.tomcat.TomcatWebServer  : Tomcat initialized with port(s): 8899 (http)
2024-06-25 16:59:28.452  INFO 5008 --- [restartedMain] o.apache.catalina.core.StandardService   : Starting service [Tomcat]
2024-06-25 16:59:28.452  INFO 5008 --- [restartedMain] org.apache.catalina.core.StandardEngine  : Starting Servlet engine: [Apache Tomcat/9.0.48]
2024-06-25 16:59:28.472  INFO 5008 --- [restartedMain] o.a.c.c.C.[.[localhost].[/spring]        : Initializing Spring embedded WebApplicationContext
2024-06-25 16:59:28.472  INFO 5008 --- [restartedMain] w.s.c.ServletWebServerApplicationContext : Root WebApplicationContext: initialization completed in 348 ms
2024-06-25 16:59:29.193  INFO 5008 --- [restartedMain] pertySourcedRequestMappingHandlerMapping : Mapped URL path [/v2/api-docs] onto method [springfox.documentation.swagger2.web.Swagger2Controller#getDocumentation(String, HttpServletRequest)]
2024-06-25 16:59:29.230  INFO 5008 --- [restartedMain] o.s.b.d.a.OptionalLiveReloadServer       : LiveReload server is running on port 35729
2024-06-25 16:59:29.305  INFO 5008 --- [restartedMain] o.s.b.w.embedded.tomcat.TomcatWebServer  : Tomcat started on port(s): 8899 (http) with context path '/spring'
2024-06-25 16:59:29.306  INFO 5008 --- [restartedMain] d.s.w.p.DocumentationPluginsBootstrapper : Context refreshed
2024-06-25 16:59:29.307  INFO 5008 --- [restartedMain] d.s.w.p.DocumentationPluginsBootstrapper : Found 1 custom documentation plugin(s)
2024-06-25 16:59:29.310  INFO 5008 --- [restartedMain] s.d.s.w.s.ApiListingReferenceScanner     : Scanning for api listing references
2024-06-25 16:59:29.326  INFO 5008 --- [restartedMain] com.example.demo.DemoApplication         : Started DemoApplication in 1.22 seconds (JVM running for 164.763)
2024-06-25 16:59:29.328  INFO 5008 --- [restartedMain] .ConditionEvaluationDeltaLoggingListener : Condition evaluation unchanged
2024-06-25 16:59:31.210  INFO 5008 --- [restartedMain] com.example.demo.DemoApplication         : Starting DemoApplication using Java 1.8.0_391 on Z with PID 5008 (D:\WorkSpace\CWSD\cwsd\target\classes started by niuzhige in D:\WorkSpace\CWSD\cwsd)
2024-06-25 16:59:31.210  INFO 5008 --- [restartedMain] com.example.demo.DemoApplication         : No active profile set, falling back to default profiles: default
2024-06-25 16:59:31.411  WARN 5008 --- [restartedMain] o.m.s.mapper.ClassPathMapperScanner      : Skipping MapperFactoryBean with name 'bookMapper' and 'com.example.demo.chapter2.mapper.BookMapper' mapperInterface. Bean already defined with the same name!
2024-06-25 16:59:31.411  WARN 5008 --- [restartedMain] o.m.s.mapper.ClassPathMapperScanner      : No MyBatis mapper was found in '[com.example.demo.chapter2.mapper]' package. Please check your configuration.
2024-06-25 16:59:31.455  INFO 5008 --- [restartedMain] o.s.b.w.embedded.tomcat.TomcatWebServer  : Tomcat initialized with port(s): 8899 (http)
2024-06-25 16:59:31.455  INFO 5008 --- [restartedMain] o.apache.catalina.core.StandardService   : Starting service [Tomcat]
2024-06-25 16:59:31.456  INFO 5008 --- [restartedMain] org.apache.catalina.core.StandardEngine  : Starting Servlet engine: [Apache Tomcat/9.0.48]
2024-06-25 16:59:31.465  INFO 5008 --- [restartedMain] o.a.c.c.C.[.[localhost].[/spring]        : Initializing Spring embedded WebApplicationContext
2024-06-25 16:59:31.465  INFO 5008 --- [restartedMain] w.s.c.ServletWebServerApplicationContext : Root WebApplicationContext: initialization completed in 254 ms
2024-06-25 16:59:31.981  INFO 5008 --- [restartedMain] pertySourcedRequestMappingHandlerMapping : Mapped URL path [/v2/api-docs] onto method [springfox.documentation.swagger2.web.Swagger2Controller#getDocumentation(String, HttpServletRequest)]
2024-06-25 16:59:32.013  INFO 5008 --- [restartedMain] o.s.b.d.a.OptionalLiveReloadServer       : LiveReload server is running on port 35729
2024-06-25 16:59:32.076  INFO 5008 --- [restartedMain] o.s.b.w.embedded.tomcat.TomcatWebServer  : Tomcat started on port(s): 8899 (http) with context path '/spring'
2024-06-25 16:59:32.076  INFO 5008 --- [restartedMain] d.s.w.p.DocumentationPluginsBootstrapper : Context refreshed
2024-06-25 16:59:32.077  INFO 5008 --- [restartedMain] d.s.w.p.DocumentationPluginsBootstrapper : Found 1 custom documentation plugin(s)
2024-06-25 16:59:32.080  INFO 5008 --- [restartedMain] s.d.s.w.s.ApiListingReferenceScanner     : Scanning for api listing references
2024-06-25 16:59:32.093  INFO 5008 --- [restartedMain] com.example.demo.DemoApplication         : Started DemoApplication in 0.897 seconds (JVM running for 167.529)
2024-06-25 16:59:32.095  INFO 5008 --- [restartedMain] .ConditionEvaluationDeltaLoggingListener : Condition evaluation unchanged
2024-06-25 16:59:44.905  INFO 5008 --- [restartedMain] com.example.demo.DemoApplication         : Starting DemoApplication using Java 1.8.0_391 on Z with PID 5008 (D:\WorkSpace\CWSD\cwsd\target\classes started by niuzhige in D:\WorkSpace\CWSD\cwsd)
2024-06-25 16:59:44.905  INFO 5008 --- [restartedMain] com.example.demo.DemoApplication         : No active profile set, falling back to default profiles: default
2024-06-25 16:59:45.187  WARN 5008 --- [restartedMain] o.m.s.mapper.ClassPathMapperScanner      : Skipping MapperFactoryBean with name 'bookMapper' and 'com.example.demo.chapter2.mapper.BookMapper' mapperInterface. Bean already defined with the same name!
2024-06-25 16:59:45.187  WARN 5008 --- [restartedMain] o.m.s.mapper.ClassPathMapperScanner      : No MyBatis mapper was found in '[com.example.demo.chapter2.mapper]' package. Please check your configuration.
2024-06-25 16:59:45.259  INFO 5008 --- [restartedMain] o.s.b.w.embedded.tomcat.TomcatWebServer  : Tomcat initialized with port(s): 8899 (http)
2024-06-25 16:59:45.259  INFO 5008 --- [restartedMain] o.apache.catalina.core.StandardService   : Starting service [Tomcat]
2024-06-25 16:59:45.259  INFO 5008 --- [restartedMain] org.apache.catalina.core.StandardEngine  : Starting Servlet engine: [Apache Tomcat/9.0.48]
2024-06-25 16:59:45.274  INFO 5008 --- [restartedMain] o.a.c.c.C.[.[localhost].[/spring]        : Initializing Spring embedded WebApplicationContext
2024-06-25 16:59:45.274  INFO 5008 --- [restartedMain] w.s.c.ServletWebServerApplicationContext : Root WebApplicationContext: initialization completed in 367 ms
2024-06-25 16:59:46.034  INFO 5008 --- [restartedMain] pertySourcedRequestMappingHandlerMapping : Mapped URL path [/v2/api-docs] onto method [springfox.documentation.swagger2.web.Swagger2Controller#getDocumentation(String, HttpServletRequest)]
2024-06-25 16:59:46.075  INFO 5008 --- [restartedMain] o.s.b.d.a.OptionalLiveReloadServer       : LiveReload server is running on port 35729
2024-06-25 16:59:46.159  INFO 5008 --- [restartedMain] o.s.b.w.embedded.tomcat.TomcatWebServer  : Tomcat started on port(s): 8899 (http) with context path '/spring'
2024-06-25 16:59:46.161  INFO 5008 --- [restartedMain] d.s.w.p.DocumentationPluginsBootstrapper : Context refreshed
2024-06-25 16:59:46.162  INFO 5008 --- [restartedMain] d.s.w.p.DocumentationPluginsBootstrapper : Found 1 custom documentation plugin(s)
2024-06-25 16:59:46.165  INFO 5008 --- [restartedMain] s.d.s.w.s.ApiListingReferenceScanner     : Scanning for api listing references
2024-06-25 16:59:46.180  INFO 5008 --- [restartedMain] com.example.demo.DemoApplication         : Started DemoApplication in 1.291 seconds (JVM running for 181.616)
2024-06-25 16:59:46.181  INFO 5008 --- [restartedMain] .ConditionEvaluationDeltaLoggingListener : Condition evaluation unchanged
2024-06-25 16:59:48.063  INFO 5008 --- [restartedMain] com.example.demo.DemoApplication         : Starting DemoApplication using Java 1.8.0_391 on Z with PID 5008 (D:\WorkSpace\CWSD\cwsd\target\classes started by niuzhige in D:\WorkSpace\CWSD\cwsd)
2024-06-25 16:59:48.063  INFO 5008 --- [restartedMain] com.example.demo.DemoApplication         : No active profile set, falling back to default profiles: default
2024-06-25 16:59:48.244  WARN 5008 --- [restartedMain] o.m.s.mapper.ClassPathMapperScanner      : Skipping MapperFactoryBean with name 'bookMapper' and 'com.example.demo.chapter2.mapper.BookMapper' mapperInterface. Bean already defined with the same name!
2024-06-25 16:59:48.244  WARN 5008 --- [restartedMain] o.m.s.mapper.ClassPathMapperScanner      : No MyBatis mapper was found in '[com.example.demo.chapter2.mapper]' package. Please check your configuration.
2024-06-25 16:59:48.293  INFO 5008 --- [restartedMain] o.s.b.w.embedded.tomcat.TomcatWebServer  : Tomcat initialized with port(s): 8899 (http)
2024-06-25 16:59:48.293  INFO 5008 --- [restartedMain] o.apache.catalina.core.StandardService   : Starting service [Tomcat]
2024-06-25 16:59:48.293  INFO 5008 --- [restartedMain] org.apache.catalina.core.StandardEngine  : Starting Servlet engine: [Apache Tomcat/9.0.48]
2024-06-25 16:59:48.302  INFO 5008 --- [restartedMain] o.a.c.c.C.[.[localhost].[/spring]        : Initializing Spring embedded WebApplicationContext
2024-06-25 16:59:48.302  INFO 5008 --- [restartedMain] w.s.c.ServletWebServerApplicationContext : Root WebApplicationContext: initialization completed in 238 ms
2024-06-25 16:59:48.855  INFO 5008 --- [restartedMain] pertySourcedRequestMappingHandlerMapping : Mapped URL path [/v2/api-docs] onto method [springfox.documentation.swagger2.web.Swagger2Controller#getDocumentation(String, HttpServletRequest)]
2024-06-25 16:59:48.885  INFO 5008 --- [restartedMain] o.s.b.d.a.OptionalLiveReloadServer       : LiveReload server is running on port 35729
2024-06-25 16:59:48.939  INFO 5008 --- [restartedMain] o.s.b.w.embedded.tomcat.TomcatWebServer  : Tomcat started on port(s): 8899 (http) with context path '/spring'
2024-06-25 16:59:48.939  INFO 5008 --- [restartedMain] d.s.w.p.DocumentationPluginsBootstrapper : Context refreshed
2024-06-25 16:59:48.939  INFO 5008 --- [restartedMain] d.s.w.p.DocumentationPluginsBootstrapper : Found 1 custom documentation plugin(s)
2024-06-25 16:59:48.942  INFO 5008 --- [restartedMain] s.d.s.w.s.ApiListingReferenceScanner     : Scanning for api listing references
2024-06-25 16:59:48.952  INFO 5008 --- [restartedMain] com.example.demo.DemoApplication         : Started DemoApplication in 0.902 seconds (JVM running for 184.389)
2024-06-25 16:59:48.953  INFO 5008 --- [restartedMain] .ConditionEvaluationDeltaLoggingListener : Condition evaluation unchanged
2024-06-25 16:59:57.031  INFO 5008 --- [restartedMain] com.example.demo.DemoApplication         : Starting DemoApplication using Java 1.8.0_391 on Z with PID 5008 (D:\WorkSpace\CWSD\cwsd\target\classes started by niuzhige in D:\WorkSpace\CWSD\cwsd)
2024-06-25 16:59:57.031  INFO 5008 --- [restartedMain] com.example.demo.DemoApplication         : No active profile set, falling back to default profiles: default
2024-06-25 16:59:57.284  WARN 5008 --- [restartedMain] o.m.s.mapper.ClassPathMapperScanner      : Skipping MapperFactoryBean with name 'bookMapper' and 'com.example.demo.chapter2.mapper.BookMapper' mapperInterface. Bean already defined with the same name!
2024-06-25 16:59:57.285  WARN 5008 --- [restartedMain] o.m.s.mapper.ClassPathMapperScanner      : No MyBatis mapper was found in '[com.example.demo.chapter2.mapper]' package. Please check your configuration.
2024-06-25 16:59:57.342  INFO 5008 --- [restartedMain] o.s.b.w.embedded.tomcat.TomcatWebServer  : Tomcat initialized with port(s): 8899 (http)
2024-06-25 16:59:57.342  INFO 5008 --- [restartedMain] o.apache.catalina.core.StandardService   : Starting service [Tomcat]
2024-06-25 16:59:57.342  INFO 5008 --- [restartedMain] org.apache.catalina.core.StandardEngine  : Starting Servlet engine: [Apache Tomcat/9.0.48]
2024-06-25 16:59:57.356  INFO 5008 --- [restartedMain] o.a.c.c.C.[.[localhost].[/spring]        : Initializing Spring embedded WebApplicationContext
2024-06-25 16:59:57.356  INFO 5008 --- [restartedMain] w.s.c.ServletWebServerApplicationContext : Root WebApplicationContext: initialization completed in 323 ms
2024-06-25 16:59:58.129  INFO 5008 --- [restartedMain] pertySourcedRequestMappingHandlerMapping : Mapped URL path [/v2/api-docs] onto method [springfox.documentation.swagger2.web.Swagger2Controller#getDocumentation(String, HttpServletRequest)]
2024-06-25 16:59:58.164  INFO 5008 --- [restartedMain] o.s.b.d.a.OptionalLiveReloadServer       : LiveReload server is running on port 35729
2024-06-25 16:59:58.228  INFO 5008 --- [restartedMain] o.s.b.w.embedded.tomcat.TomcatWebServer  : Tomcat started on port(s): 8899 (http) with context path '/spring'
2024-06-25 16:59:58.229  INFO 5008 --- [restartedMain] d.s.w.p.DocumentationPluginsBootstrapper : Context refreshed
2024-06-25 16:59:58.229  INFO 5008 --- [restartedMain] d.s.w.p.DocumentationPluginsBootstrapper : Found 1 custom documentation plugin(s)
2024-06-25 16:59:58.232  INFO 5008 --- [restartedMain] s.d.s.w.s.ApiListingReferenceScanner     : Scanning for api listing references
2024-06-25 16:59:58.244  INFO 5008 --- [restartedMain] com.example.demo.DemoApplication         : Started DemoApplication in 1.229 seconds (JVM running for 193.681)
2024-06-25 16:59:58.246  INFO 5008 --- [restartedMain] .ConditionEvaluationDeltaLoggingListener : Condition evaluation unchanged
2024-06-25 17:00:00.092  INFO 5008 --- [restartedMain] com.example.demo.DemoApplication         : Starting DemoApplication using Java 1.8.0_391 on Z with PID 5008 (D:\WorkSpace\CWSD\cwsd\target\classes started by niuzhige in D:\WorkSpace\CWSD\cwsd)
2024-06-25 17:00:00.092  INFO 5008 --- [restartedMain] com.example.demo.DemoApplication         : No active profile set, falling back to default profiles: default
2024-06-25 17:00:00.287  WARN 5008 --- [restartedMain] o.m.s.mapper.ClassPathMapperScanner      : Skipping MapperFactoryBean with name 'bookMapper' and 'com.example.demo.chapter2.mapper.BookMapper' mapperInterface. Bean already defined with the same name!
2024-06-25 17:00:00.287  WARN 5008 --- [restartedMain] o.m.s.mapper.ClassPathMapperScanner      : No MyBatis mapper was found in '[com.example.demo.chapter2.mapper]' package. Please check your configuration.
2024-06-25 17:00:00.336  INFO 5008 --- [restartedMain] o.s.b.w.embedded.tomcat.TomcatWebServer  : Tomcat initialized with port(s): 8899 (http)
2024-06-25 17:00:00.337  INFO 5008 --- [restartedMain] o.apache.catalina.core.StandardService   : Starting service [Tomcat]
2024-06-25 17:00:00.337  INFO 5008 --- [restartedMain] org.apache.catalina.core.StandardEngine  : Starting Servlet engine: [Apache Tomcat/9.0.48]
2024-06-25 17:00:00.347  INFO 5008 --- [restartedMain] o.a.c.c.C.[.[localhost].[/spring]        : Initializing Spring embedded WebApplicationContext
2024-06-25 17:00:00.347  INFO 5008 --- [restartedMain] w.s.c.ServletWebServerApplicationContext : Root WebApplicationContext: initialization completed in 253 ms
2024-06-25 17:00:01.059  INFO 5008 --- [restartedMain] pertySourcedRequestMappingHandlerMapping : Mapped URL path [/v2/api-docs] onto method [springfox.documentation.swagger2.web.Swagger2Controller#getDocumentation(String, HttpServletRequest)]
2024-06-25 17:00:01.103  INFO 5008 --- [restartedMain] o.s.b.d.a.OptionalLiveReloadServer       : LiveReload server is running on port 35729
2024-06-25 17:00:01.190  INFO 5008 --- [restartedMain] o.s.b.w.embedded.tomcat.TomcatWebServer  : Tomcat started on port(s): 8899 (http) with context path '/spring'
2024-06-25 17:00:01.191  INFO 5008 --- [restartedMain] d.s.w.p.DocumentationPluginsBootstrapper : Context refreshed
2024-06-25 17:00:01.191  INFO 5008 --- [restartedMain] d.s.w.p.DocumentationPluginsBootstrapper : Found 1 custom documentation plugin(s)
2024-06-25 17:00:01.195  INFO 5008 --- [restartedMain] s.d.s.w.s.ApiListingReferenceScanner     : Scanning for api listing references
2024-06-25 17:00:01.212  INFO 5008 --- [restartedMain] com.example.demo.DemoApplication         : Started DemoApplication in 1.135 seconds (JVM running for 196.648)
2024-06-25 17:00:01.214  INFO 5008 --- [restartedMain] .ConditionEvaluationDeltaLoggingListener : Condition evaluation unchanged
2024-06-25 17:00:12.475  INFO 5008 --- [restartedMain] com.example.demo.DemoApplication         : Starting DemoApplication using Java 1.8.0_391 on Z with PID 5008 (D:\WorkSpace\CWSD\cwsd\target\classes started by niuzhige in D:\WorkSpace\CWSD\cwsd)
2024-06-25 17:00:12.475  INFO 5008 --- [restartedMain] com.example.demo.DemoApplication         : No active profile set, falling back to default profiles: default
2024-06-25 17:00:12.776  WARN 5008 --- [restartedMain] o.m.s.mapper.ClassPathMapperScanner      : Skipping MapperFactoryBean with name 'bookMapper' and 'com.example.demo.chapter2.mapper.BookMapper' mapperInterface. Bean already defined with the same name!
2024-06-25 17:00:12.777  WARN 5008 --- [restartedMain] o.m.s.mapper.ClassPathMapperScanner      : No MyBatis mapper was found in '[com.example.demo.chapter2.mapper]' package. Please check your configuration.
2024-06-25 17:00:12.854  INFO 5008 --- [restartedMain] o.s.b.w.embedded.tomcat.TomcatWebServer  : Tomcat initialized with port(s): 8899 (http)
2024-06-25 17:00:12.854  INFO 5008 --- [restartedMain] o.apache.catalina.core.StandardService   : Starting service [Tomcat]
2024-06-25 17:00:12.854  INFO 5008 --- [restartedMain] org.apache.catalina.core.StandardEngine  : Starting Servlet engine: [Apache Tomcat/9.0.48]
2024-06-25 17:00:12.868  INFO 5008 --- [restartedMain] o.a.c.c.C.[.[localhost].[/spring]        : Initializing Spring embedded WebApplicationContext
2024-06-25 17:00:12.868  INFO 5008 --- [restartedMain] w.s.c.ServletWebServerApplicationContext : Root WebApplicationContext: initialization completed in 392 ms
2024-06-25 17:00:13.632  INFO 5008 --- [restartedMain] pertySourcedRequestMappingHandlerMapping : Mapped URL path [/v2/api-docs] onto method [springfox.documentation.swagger2.web.Swagger2Controller#getDocumentation(String, HttpServletRequest)]
2024-06-25 17:00:13.686  INFO 5008 --- [restartedMain] o.s.b.d.a.OptionalLiveReloadServer       : LiveReload server is running on port 35729
2024-06-25 17:00:13.780  INFO 5008 --- [restartedMain] o.s.b.w.embedded.tomcat.TomcatWebServer  : Tomcat started on port(s): 8899 (http) with context path '/spring'
2024-06-25 17:00:13.781  INFO 5008 --- [restartedMain] d.s.w.p.DocumentationPluginsBootstrapper : Context refreshed
2024-06-25 17:00:13.781  INFO 5008 --- [restartedMain] d.s.w.p.DocumentationPluginsBootstrapper : Found 1 custom documentation plugin(s)
2024-06-25 17:00:13.785  INFO 5008 --- [restartedMain] s.d.s.w.s.ApiListingReferenceScanner     : Scanning for api listing references
2024-06-25 17:00:13.800  INFO 5008 --- [restartedMain] com.example.demo.DemoApplication         : Started DemoApplication in 1.346 seconds (JVM running for 209.237)
2024-06-25 17:00:13.801  INFO 5008 --- [restartedMain] .ConditionEvaluationDeltaLoggingListener : Condition evaluation unchanged
2024-06-25 17:00:15.941  INFO 5008 --- [restartedMain] com.example.demo.DemoApplication         : Starting DemoApplication using Java 1.8.0_391 on Z with PID 5008 (D:\WorkSpace\CWSD\cwsd\target\classes started by niuzhige in D:\WorkSpace\CWSD\cwsd)
2024-06-25 17:00:15.941  INFO 5008 --- [restartedMain] com.example.demo.DemoApplication         : No active profile set, falling back to default profiles: default
2024-06-25 17:00:16.201  WARN 5008 --- [restartedMain] o.m.s.mapper.ClassPathMapperScanner      : Skipping MapperFactoryBean with name 'bookMapper' and 'com.example.demo.chapter2.mapper.BookMapper' mapperInterface. Bean already defined with the same name!
2024-06-25 17:00:16.201  WARN 5008 --- [restartedMain] o.m.s.mapper.ClassPathMapperScanner      : No MyBatis mapper was found in '[com.example.demo.chapter2.mapper]' package. Please check your configuration.
2024-06-25 17:00:16.247  INFO 5008 --- [restartedMain] o.s.b.w.embedded.tomcat.TomcatWebServer  : Tomcat initialized with port(s): 8899 (http)
2024-06-25 17:00:16.247  INFO 5008 --- [restartedMain] o.apache.catalina.core.StandardService   : Starting service [Tomcat]
2024-06-25 17:00:16.247  INFO 5008 --- [restartedMain] org.apache.catalina.core.StandardEngine  : Starting Servlet engine: [Apache Tomcat/9.0.48]
2024-06-25 17:00:16.266  INFO 5008 --- [restartedMain] o.a.c.c.C.[.[localhost].[/spring]        : Initializing Spring embedded WebApplicationContext
2024-06-25 17:00:16.266  INFO 5008 --- [restartedMain] w.s.c.ServletWebServerApplicationContext : Root WebApplicationContext: initialization completed in 323 ms
2024-06-25 17:00:16.814  INFO 5008 --- [restartedMain] pertySourcedRequestMappingHandlerMapping : Mapped URL path [/v2/api-docs] onto method [springfox.documentation.swagger2.web.Swagger2Controller#getDocumentation(String, HttpServletRequest)]
2024-06-25 17:00:16.840  INFO 5008 --- [restartedMain] o.s.b.d.a.OptionalLiveReloadServer       : LiveReload server is running on port 35729
2024-06-25 17:00:16.941  INFO 5008 --- [restartedMain] o.s.b.w.embedded.tomcat.TomcatWebServer  : Tomcat started on port(s): 8899 (http) with context path '/spring'
2024-06-25 17:00:16.942  INFO 5008 --- [restartedMain] d.s.w.p.DocumentationPluginsBootstrapper : Context refreshed
2024-06-25 17:00:16.943  INFO 5008 --- [restartedMain] d.s.w.p.DocumentationPluginsBootstrapper : Found 1 custom documentation plugin(s)
2024-06-25 17:00:16.945  INFO 5008 --- [restartedMain] s.d.s.w.s.ApiListingReferenceScanner     : Scanning for api listing references
2024-06-25 17:00:16.961  INFO 5008 --- [restartedMain] com.example.demo.DemoApplication         : Started DemoApplication in 1.037 seconds (JVM running for 212.398)
2024-06-25 17:00:16.963  INFO 5008 --- [restartedMain] .ConditionEvaluationDeltaLoggingListener : Condition evaluation unchanged
2024-06-25 17:00:26.125  INFO 5008 --- [restartedMain] com.example.demo.DemoApplication         : Starting DemoApplication using Java 1.8.0_391 on Z with PID 5008 (D:\WorkSpace\CWSD\cwsd\target\classes started by niuzhige in D:\WorkSpace\CWSD\cwsd)
2024-06-25 17:00:26.125  INFO 5008 --- [restartedMain] com.example.demo.DemoApplication         : No active profile set, falling back to default profiles: default
2024-06-25 17:00:26.386  WARN 5008 --- [restartedMain] o.m.s.mapper.ClassPathMapperScanner      : Skipping MapperFactoryBean with name 'bookMapper' and 'com.example.demo.chapter2.mapper.BookMapper' mapperInterface. Bean already defined with the same name!
2024-06-25 17:00:26.387  WARN 5008 --- [restartedMain] o.m.s.mapper.ClassPathMapperScanner      : No MyBatis mapper was found in '[com.example.demo.chapter2.mapper]' package. Please check your configuration.
2024-06-25 17:00:26.454  INFO 5008 --- [restartedMain] o.s.b.w.embedded.tomcat.TomcatWebServer  : Tomcat initialized with port(s): 8899 (http)
2024-06-25 17:00:26.455  INFO 5008 --- [restartedMain] o.apache.catalina.core.StandardService   : Starting service [Tomcat]
2024-06-25 17:00:26.455  INFO 5008 --- [restartedMain] org.apache.catalina.core.StandardEngine  : Starting Servlet engine: [Apache Tomcat/9.0.48]
2024-06-25 17:00:26.467  INFO 5008 --- [restartedMain] o.a.c.c.C.[.[localhost].[/spring]        : Initializing Spring embedded WebApplicationContext
2024-06-25 17:00:26.467  INFO 5008 --- [restartedMain] w.s.c.ServletWebServerApplicationContext : Root WebApplicationContext: initialization completed in 340 ms
2024-06-25 17:00:27.267  INFO 5008 --- [restartedMain] pertySourcedRequestMappingHandlerMapping : Mapped URL path [/v2/api-docs] onto method [springfox.documentation.swagger2.web.Swagger2Controller#getDocumentation(String, HttpServletRequest)]
2024-06-25 17:00:27.307  INFO 5008 --- [restartedMain] o.s.b.d.a.OptionalLiveReloadServer       : LiveReload server is running on port 35729
2024-06-25 17:00:27.404  INFO 5008 --- [restartedMain] o.s.b.w.embedded.tomcat.TomcatWebServer  : Tomcat started on port(s): 8899 (http) with context path '/spring'
2024-06-25 17:00:27.404  INFO 5008 --- [restartedMain] d.s.w.p.DocumentationPluginsBootstrapper : Context refreshed
2024-06-25 17:00:27.405  INFO 5008 --- [restartedMain] d.s.w.p.DocumentationPluginsBootstrapper : Found 1 custom documentation plugin(s)
2024-06-25 17:00:27.409  INFO 5008 --- [restartedMain] s.d.s.w.s.ApiListingReferenceScanner     : Scanning for api listing references
2024-06-25 17:00:27.421  INFO 5008 --- [restartedMain] com.example.demo.DemoApplication         : Started DemoApplication in 1.313 seconds (JVM running for 222.857)
2024-06-25 17:00:27.423  INFO 5008 --- [restartedMain] .ConditionEvaluationDeltaLoggingListener : Condition evaluation unchanged
2024-06-25 17:00:29.336  INFO 5008 --- [restartedMain] com.example.demo.DemoApplication         : Starting DemoApplication using Java 1.8.0_391 on Z with PID 5008 (D:\WorkSpace\CWSD\cwsd\target\classes started by niuzhige in D:\WorkSpace\CWSD\cwsd)
2024-06-25 17:00:29.336  INFO 5008 --- [restartedMain] com.example.demo.DemoApplication         : No active profile set, falling back to default profiles: default
2024-06-25 17:00:29.599  WARN 5008 --- [restartedMain] o.m.s.mapper.ClassPathMapperScanner      : Skipping MapperFactoryBean with name 'bookMapper' and 'com.example.demo.chapter2.mapper.BookMapper' mapperInterface. Bean already defined with the same name!
2024-06-25 17:00:29.599  WARN 5008 --- [restartedMain] o.m.s.mapper.ClassPathMapperScanner      : No MyBatis mapper was found in '[com.example.demo.chapter2.mapper]' package. Please check your configuration.
2024-06-25 17:00:29.641  INFO 5008 --- [restartedMain] o.s.b.w.embedded.tomcat.TomcatWebServer  : Tomcat initialized with port(s): 8899 (http)
2024-06-25 17:00:29.641  INFO 5008 --- [restartedMain] o.apache.catalina.core.StandardService   : Starting service [Tomcat]
2024-06-25 17:00:29.642  INFO 5008 --- [restartedMain] org.apache.catalina.core.StandardEngine  : Starting Servlet engine: [Apache Tomcat/9.0.48]
2024-06-25 17:00:29.659  INFO 5008 --- [restartedMain] o.a.c.c.C.[.[localhost].[/spring]        : Initializing Spring embedded WebApplicationContext
2024-06-25 17:00:29.659  INFO 5008 --- [restartedMain] w.s.c.ServletWebServerApplicationContext : Root WebApplicationContext: initialization completed in 320 ms
2024-06-25 17:00:30.203  INFO 5008 --- [restartedMain] pertySourcedRequestMappingHandlerMapping : Mapped URL path [/v2/api-docs] onto method [springfox.documentation.swagger2.web.Swagger2Controller#getDocumentation(String, HttpServletRequest)]
2024-06-25 17:00:30.232  INFO 5008 --- [restartedMain] o.s.b.d.a.OptionalLiveReloadServer       : LiveReload server is running on port 35729
2024-06-25 17:00:30.289  INFO 5008 --- [restartedMain] o.s.b.w.embedded.tomcat.TomcatWebServer  : Tomcat started on port(s): 8899 (http) with context path '/spring'
2024-06-25 17:00:30.289  INFO 5008 --- [restartedMain] d.s.w.p.DocumentationPluginsBootstrapper : Context refreshed
2024-06-25 17:00:30.291  INFO 5008 --- [restartedMain] d.s.w.p.DocumentationPluginsBootstrapper : Found 1 custom documentation plugin(s)
2024-06-25 17:00:30.293  INFO 5008 --- [restartedMain] s.d.s.w.s.ApiListingReferenceScanner     : Scanning for api listing references
2024-06-25 17:00:30.303  INFO 5008 --- [restartedMain] com.example.demo.DemoApplication         : Started DemoApplication in 0.982 seconds (JVM running for 225.739)
2024-06-25 17:00:30.305  INFO 5008 --- [restartedMain] .ConditionEvaluationDeltaLoggingListener : Condition evaluation unchanged
